2024-04-25 22:44:21,853 INFO (Version.java:21)- HV000001: Hibernate Validator 8.0.0.Final
2024-04-25 22:44:21,877 INFO (StartupInfoLogger.java:51)- Starting NovelApplication using Java 17.0.9 with PID 20196 (D:\code\java_project\novel-master\target\classes started by Administrator in D:\code\java_project\novel-master)
2024-04-25 22:44:21,877 DEBUG (StartupInfoLogger.java:52)- Running with Spring Boot v3.0.0, Spring v6.0.2
2024-04-25 22:44:21,878 INFO (SpringApplication.java:636)- The following 1 profile is active: "dev"
2024-04-25 22:44:22,885 INFO (RepositoryConfigurationDelegate.java:294)- Multiple Spring Data modules found, entering strict repository configuration mode
2024-04-25 22:44:22,888 INFO (RepositoryConfigurationDelegate.java:138)- Bootstrapping Spring Data Redis repositories in DEFAULT mode.
2024-04-25 22:44:22,920 INFO (RepositoryConfigurationDelegate.java:208)- Finished Spring Data repository scanning in 18 ms. Found 0 Redis repository interfaces.
2024-04-25 22:44:23,001 WARN (LocalVariableTableParameterNameDiscoverer.java:123)- Using deprecated '-debug' fallback for parameter name resolution. Compile the affected code with '-parameters' instead or avoid its introspection: org.apache.shardingsphere.sharding.spring.boot.ShardingRuleSpringBootConfiguration
2024-04-25 22:44:23,335 WARN (LocalVariableTableParameterNameDiscoverer.java:123)- Using deprecated '-debug' fallback for parameter name resolution. Compile the affected code with '-parameters' instead or avoid its introspection: org.mybatis.spring.mapper.MapperFactoryBean
2024-04-25 22:44:23,912 WARN (Bootstrap.java:68)- UT026010: Buffer pool was not set on WebSocketDeploymentInfo, the default pool will be used
2024-04-25 22:44:23,925 INFO (ServletContextImpl.java:372)- Initializing Spring embedded WebApplicationContext
2024-04-25 22:44:23,927 INFO (ServletWebServerApplicationContext.java:291)- Root WebApplicationContext: initialization completed in 1912 ms
2024-04-25 22:44:25,327 WARN (LocalVariableTableParameterNameDiscoverer.java:123)- Using deprecated '-debug' fallback for parameter name resolution. Compile the affected code with '-parameters' instead or avoid its introspection: org.redisson.spring.starter.RedissonAutoConfiguration
2024-04-25 22:44:25,476 INFO (Version.java:41)- Redisson 3.19.1
2024-04-25 22:44:25,710 INFO (ConnectionPool.java:162)- 1 connections initialized for 47.98.150.68/47.98.150.68:6379
2024-04-25 22:44:26,203 INFO (ConnectionPool.java:162)- 24 connections initialized for 47.98.150.68/47.98.150.68:6379
2024-04-25 22:44:26,621 INFO (DefaultSecurityFilterChain.java:54)- Will secure org.springframework.boot.actuate.autoconfigure.security.servlet.EndpointRequest$EndpointRequestMatcher@7f59f4e4 with [org.springframework.security.web.session.DisableEncodeUrlFilter@5295a774, org.springframework.security.web.context.request.async.WebAsyncManagerIntegrationFilter@3e09067, org.springframework.security.web.context.SecurityContextHolderFilter@45594dfe, org.springframework.security.web.header.HeaderWriterFilter@39336f5, org.springframework.security.web.authentication.logout.LogoutFilter@208ce928, org.springframework.security.web.authentication.www.BasicAuthenticationFilter@36a59d8, org.springframework.security.web.savedrequest.RequestCacheAwareFilter@2ab87cb8, org.springframework.security.web.servletapi.SecurityContextHolderAwareRequestFilter@4c32aa7e, org.springframework.security.web.authentication.AnonymousAuthenticationFilter@7a7f5c44, org.springframework.security.web.access.ExceptionTranslationFilter@628af295, org.springframework.security.web.access.intercept.AuthorizationFilter@41a6ab50]
2024-04-25 22:44:27,877 INFO (StdSchedulerFactory.java:1220)- Using default implementation for ThreadExecutor
2024-04-25 22:44:27,894 INFO (SchedulerSignalerImpl.java:61)- Initialized Scheduler Signaller of type: class org.quartz.core.SchedulerSignalerImpl
2024-04-25 22:44:27,895 INFO (QuartzScheduler.java:229)- Quartz Scheduler v.2.3.2 created.
2024-04-25 22:44:27,897 INFO (RAMJobStore.java:155)- RAMJobStore initialized.
2024-04-25 22:44:27,898 INFO (QuartzScheduler.java:294)- Scheduler meta-data: Quartz Scheduler (v2.3.2) 'quartzScheduler' with instanceId 'NON_CLUSTERED'
  Scheduler class: 'org.quartz.core.QuartzScheduler' - running locally.
  NOT STARTED.
  Currently in standby mode.
  Number of jobs executed: 0
  Using thread pool 'org.quartz.simpl.SimpleThreadPool' - with 10 threads.
  Using job-store 'org.quartz.simpl.RAMJobStore' - which does not support persistence. and is not clustered.

2024-04-25 22:44:27,899 INFO (StdSchedulerFactory.java:1374)- Quartz scheduler 'quartzScheduler' initialized from an externally provided properties instance.
2024-04-25 22:44:27,899 INFO (StdSchedulerFactory.java:1378)- Quartz scheduler version: 2.3.2
2024-04-25 22:44:27,900 INFO (QuartzScheduler.java:2293)- JobFactory set to: org.springframework.scheduling.quartz.SpringBeanJobFactory@16908f89
2024-04-25 22:44:28,370 INFO (EndpointLinksResolver.java:58)- Exposing 15 endpoint(s) beneath base path '/actuator'
2024-04-25 22:44:28,446 INFO (Undertow.java:120)- starting server: Undertow - 2.3.0.Final
2024-04-25 22:44:28,457 INFO (Xnio.java:95)- XNIO version 3.8.8.Final
2024-04-25 22:44:28,466 INFO (NioXnio.java:58)- XNIO NIO Implementation Version 3.8.8.Final
2024-04-25 22:44:28,518 INFO (Version.java:55)- JBoss Threads version 3.5.0.Final
2024-04-25 22:44:28,556 INFO (UndertowWebServer.java:121)- Undertow started on port(s) 8888 (http)
2024-04-25 22:44:28,557 INFO (SchedulerFactoryBean.java:729)- Starting Quartz Scheduler now
2024-04-25 22:44:28,557 INFO (QuartzScheduler.java:547)- Scheduler quartzScheduler_$_NON_CLUSTERED started.
2024-04-25 22:44:28,570 INFO (StartupInfoLogger.java:57)- Started NovelApplication in 7.076 seconds (process running for 7.469)
2024-04-25 22:44:28,575 INFO (NovelApplication.java:34)- 加载了如下缓存管理器：
2024-04-25 22:44:28,576 INFO (NovelApplication.java:36)- caffeineCacheManager:org.springframework.cache.support.SimpleCacheManager
2024-04-25 22:44:28,576 INFO (NovelApplication.java:37)- 缓存：[homeBookCache, latestNewsCache, bookNewestRankCache, bookUpdateRankCache, bookCategoryListCache, bookInfoCache, bookChapterCache, lastUpdateBookIdListCache]
2024-04-25 22:44:28,577 INFO (NovelApplication.java:36)- redisCacheManager:org.springframework.data.redis.cache.RedisCacheManager
2024-04-25 22:44:28,577 INFO (NovelApplication.java:37)- 缓存：[bookVisitRankCache, homeFriendLinkCache, bookContentCache, userInfoCache, authorInfoCache]
2024-04-25 22:44:35,352 INFO (QuartzScheduler.java:585)- Scheduler quartzScheduler_$_NON_CLUSTERED paused.
2024-04-25 22:44:35,352 INFO (Undertow.java:259)- stopping server: Undertow - 2.3.0.Final
2024-04-25 22:44:35,359 INFO (SchedulerFactoryBean.java:847)- Shutting down Quartz Scheduler
2024-04-25 22:44:35,359 INFO (QuartzScheduler.java:666)- Scheduler quartzScheduler_$_NON_CLUSTERED shutting down.
2024-04-25 22:44:35,359 INFO (QuartzScheduler.java:585)- Scheduler quartzScheduler_$_NON_CLUSTERED paused.
2024-04-25 22:44:35,359 INFO (QuartzScheduler.java:740)- Scheduler quartzScheduler_$_NON_CLUSTERED shutdown complete.
